[debug] [2018-12-07T10:30:53.525Z] ----------------------------------------------------------------------
[debug] [2018-12-07T10:30:53.527Z] Command:       /usr/local/bin/node /usr/local/bin/firebase deploy
[debug] [2018-12-07T10:30:53.527Z] CLI Version:   6.1.0
[debug] [2018-12-07T10:30:53.527Z] Platform:      darwin
[debug] [2018-12-07T10:30:53.527Z] Node Version:  v10.14.1
[debug] [2018-12-07T10:30:53.528Z] Time:          Fri Dec 07 2018 02:30:53 GMT-0800 (Pacific Standard Time)
[debug] [2018-12-07T10:30:53.528Z] ----------------------------------------------------------------------
[debug] 
[debug] [2018-12-07T10:30:53.536Z] > command requires scopes: ["email","openid","https://www.googleapis.com/auth/cloudplatformprojects.readonly","https://www.googleapis.com/auth/firebase","https://www.googleapis.com/auth/cloud-platform"]
[debug] [2018-12-07T10:30:53.536Z] > authorizing via signed-in user
[debug] [2018-12-07T10:30:53.536Z] [iam] checking project project1-team5-ab874 for permissions ["firebase.projects.get","firebasedatabase.instances.update","firebasehosting.sites.update"]
[debug] [2018-12-07T10:30:53.537Z] >>> HTTP REQUEST POST https://cloudresourcemanager.googleapis.com/v1/projects/project1-team5-ab874:testIamPermissions  

[debug] [2018-12-07T10:30:53.769Z] <<< HTTP RESPONSE 200
[debug] [2018-12-07T10:30:53.771Z] >>> HTTP REQUEST GET https://firebase.googleapis.com/v1beta1/projects/project1-team5-ab874  
 
[debug] [2018-12-07T10:30:53.958Z] <<< HTTP RESPONSE 200
[info] 
[info] === Deploying to 'project1-team5-ab874'...
[info] 
[info] i  deploying database, hosting
[debug] [2018-12-07T10:30:54.077Z] Error: ENOENT: no such file or directory, open '/Users/daniel/Downloads/Projects_revised/public/database.rules.json'
    at Object.openSync (fs.js:436:3)
    at Object.readFileSync (fs.js:341:35)
    at Config.readProjectFile (/usr/local/lib/node_modules/firebase-tools/lib/config.js:143:26)
    at /usr/local/lib/node_modules/firebase-tools/lib/deploy/database/prepare.js:42:50
    at /usr/local/lib/node_modules/firebase-tools/node_modules/lodash/lodash.js:4911:15
    at baseForOwn (/usr/local/lib/node_modules/firebase-tools/node_modules/lodash/lodash.js:2996:24)
    at /usr/local/lib/node_modules/firebase-tools/node_modules/lodash/lodash.js:4880:18
    at Function.forEach (/usr/local/lib/node_modules/firebase-tools/node_modules/lodash/lodash.js:9344:14)
    at module.exports (/usr/local/lib/node_modules/firebase-tools/lib/deploy/database/prepare.js:39:7)
    at _chain (/usr/local/lib/node_modules/firebase-tools/lib/deploy/index.js:22:40)
[error] 
[error] Error: An unexpected error has occurred.
